<?xml version="1.0" encoding="UTF-8"?>
<testsuite xmlns:xsi="http://www.w3.org/2001/XMLSchema-instance" xsi:noNamespaceSchemaLocation="https://maven.apache.org/surefire/maven-surefire-plugin/xsd/surefire-test-report-3.0.xsd" version="3.0" name="com.example.MainTest" time="0.089" tests="30" errors="0" skipped="0" failures="0">
  <properties>
[...]
</properties>
  <testcase name="testCase29_Edad26Ingresos36000Frecuencia7BusinessDestinoAsiaSinNinos" classname="com.example.MainTest" time="0.006"/>
  <testcase name="testCase12_Edad20NoEstudianteTurista2VuelosNoConPadres" classname="com.example.MainTest" time="0.0"/>
  <testcase name="testCase27_Edad26Ingresos36000Frecuencia7TuristaDestinoAsiaConNinos" classname="com.example.MainTest" time="0.0"/>
  <testcase name="testCase18_Edad26Ingresos36000Frecuencia7TuristaDestinoEuropaConNinos" classname="com.example.MainTest" time="0.0"/>
  <testcase name="testCase30_Edad26Ingresos36000Frecuencia7BusinessDestinoAsiaConNinos" classname="com.example.MainTest" time="0.0"/>
  <testcase name="testCase23_Edad26Ingresos24000Frecuencia7TuristaDestinoEuropaConNinos" classname="com.example.MainTest" time="0.0"/>
  <testcase name="testCase2_MenorDeEdadCon5Vuelos" classname="com.example.MainTest" time="0.0"/>
  <testcase name="testCase4_Edad26EstudianteTurista13Vuelos" classname="com.example.MainTest" time="0.001"/>
  <testcase name="testCase7_Edad20EstudianteTurista11Vuelos" classname="com.example.MainTest" time="0.001"/>
  <testcase name="testCase17_Edad26Ingresos19000Frecuencia7TuristaDestinoEuropaConNinos" classname="com.example.MainTest" time="0.001"/>
  <testcase name="testCase19_Edad26Ingresos24000Frecuencia5TuristaDestinoEuropaConNinos" classname="com.example.MainTest" time="0.0"/>
  <testcase name="testCase11_Edad20EstudianteTurista4VuelosConPadres" classname="com.example.MainTest" time="0.0"/>
  <testcase name="testCase24_Edad20Ingresos36000Frecuencia7BusinessDestinoAsiaConNinos" classname="com.example.MainTest" time="0.0"/>
  <testcase name="testCase5_Edad20NoEstudianteTurista13Vuelos" classname="com.example.MainTest" time="0.001"/>
  <testcase name="testCase6_Edad20EstudianteBusiness13Vuelos" classname="com.example.MainTest" time="0.0"/>
  <testcase name="testCase1_MenorDeEdadCon7Vuelos" classname="com.example.MainTest" time="0.0"/>
  <testcase name="testCase22_Edad26Ingresos24000Frecuencia7TuristaDestinoEuropaSinNinos" classname="com.example.MainTest" time="0.0"/>
  <testcase name="testCase16_Edad24Ingresos24000Frecuencia7TuristaDestinoEuropaConNinos" classname="com.example.MainTest" time="0.001"/>
  <testcase name="testCase10_Edad26NoEstudianteTurista4VuelosConPadres" classname="com.example.MainTest" time="0.0"/>
  <testcase name="testCase25_Edad26Ingresos24000Frecuencia7BusinessDestinoAsiaConNinos" classname="com.example.MainTest" time="0.001"/>
  <testcase name="testCase3_MenorDeEdadEstudiante" classname="com.example.MainTest" time="0.0"/>
  <testcase name="testCase9_Edad17EstudianteTurista4VuelosConPadres" classname="com.example.MainTest" time="0.001"/>
  <testcase name="testCase28_Edad26Ingresos36000Frecuencia7BusinessDestinoEuropaConNinos" classname="com.example.MainTest" time="0.001"/>
  <testcase name="testCase21_Edad26Ingresos24000Frecuencia7TuristaDestinoAsiaConNinos" classname="com.example.MainTest" time="0.0"/>
  <testcase name="testCase20_Edad26Ingresos24000Frecuencia7BusinessDestinoEuropaConNinos" classname="com.example.MainTest" time="0.001"/>
  <testcase name="testCase26_Edad26Ingresos36000Frecuencia5BusinessDestinoAsiaConNinos" classname="com.example.MainTest" time="0.001"/>
  <testcase name="testCase13_Edad20NoEstudianteBusiness4VuelosConPadres" classname="com.example.MainTest" time="0.0"/>
  <testcase name="testCase15_Edad20NoEstudianteTurista4VuelosConPadresGorrion" classname="com.example.MainTest" time="0.001"/>
  <testcase name="testCase14_Edad20NoEstudianteTurista4VuelosNoConPadres" classname="com.example.MainTest" time="0.0"/>
  <testcase name="testCase8_Edad20EstudianteTurista13VuelosGorrion" classname="com.example.MainTest" time="0.0"/>
</testsuite>